CRITICAL - 2023-09-24 01:07:18 --> Invalid file: "include/top.php"
in SYSTEMPATH\Exceptions\FrameworkException.php on line 39.
 1 SYSTEMPATH\View\View.php(214): CodeIgniter\Exceptions\FrameworkException::forInvalidFile('include/top.php')
 2 SYSTEMPATH\View\View.php(467): CodeIgniter\View\View->render('include/top', null, true)
 3 APPPATH\Views\welcome_message.php(1): CodeIgniter\View\View->include('include/top')
 4 SYSTEMPATH\View\View.php(226): include('C:\\laragon\\www\\Lab2\\app\\Views\\welcome_message.php')
 5 SYSTEMPATH\View\View.php(229): CodeIgniter\View\View->CodeIgniter\View\{closure}()
 6 SYSTEMPATH\Common.php(1188): CodeIgniter\View\View->render('welcome_message', [], true)
 7 APPPATH\Controllers\Home.php(9): view('welcome_message')
 8 SYSTEMPATH\CodeIgniter.php(919): App\Controllers\Home->index()
 9 SYSTEMPATH\CodeIgniter.php(494): CodeIgniter\CodeIgniter->runController(Object(App\Controllers\Home))
10 SYSTEMPATH\CodeIgniter.php(353): CodeIgniter\CodeIgniter->handleRequest(null, Object(Config\Cache), false)
11 FCPATH\index.php(79): CodeIgniter\CodeIgniter->run()
12 SYSTEMPATH\Commands\Server\rewrite.php(47): require_once('C:\\laragon\\www\\Lab2\\public\\index.php')
CRITICAL - 2023-09-24 01:07:41 --> Invalid file: "include/top.php"
in SYSTEMPATH\Exceptions\FrameworkException.php on line 39.
 1 SYSTEMPATH\View\View.php(214): CodeIgniter\Exceptions\FrameworkException::forInvalidFile('include/top.php')
 2 SYSTEMPATH\View\View.php(467): CodeIgniter\View\View->render('include/top', null, true)
 3 APPPATH\Views\welcome_message.php(1): CodeIgniter\View\View->include('include/top')
 4 SYSTEMPATH\View\View.php(226): include('C:\\laragon\\www\\Lab2\\app\\Views\\welcome_message.php')
 5 SYSTEMPATH\View\View.php(229): CodeIgniter\View\View->CodeIgniter\View\{closure}()
 6 SYSTEMPATH\Common.php(1188): CodeIgniter\View\View->render('welcome_message', [], true)
 7 APPPATH\Controllers\Home.php(9): view('welcome_message')
 8 SYSTEMPATH\CodeIgniter.php(919): App\Controllers\Home->index()
 9 SYSTEMPATH\CodeIgniter.php(494): CodeIgniter\CodeIgniter->runController(Object(App\Controllers\Home))
10 SYSTEMPATH\CodeIgniter.php(353): CodeIgniter\CodeIgniter->handleRequest(null, Object(Config\Cache), false)
11 FCPATH\index.php(79): CodeIgniter\CodeIgniter->run()
12 SYSTEMPATH\Commands\Server\rewrite.php(47): require_once('C:\\laragon\\www\\Lab2\\public\\index.php')
CRITICAL - 2023-09-24 01:08:56 --> Invalid file: "include/top.php"
in SYSTEMPATH\Exceptions\FrameworkException.php on line 39.
 1 SYSTEMPATH\View\View.php(214): CodeIgniter\Exceptions\FrameworkException::forInvalidFile('include/top.php')
 2 SYSTEMPATH\View\View.php(467): CodeIgniter\View\View->render('include/top', null, true)
 3 APPPATH\Views\welcome_message.php(1): CodeIgniter\View\View->include('include/top')
 4 SYSTEMPATH\View\View.php(226): include('C:\\laragon\\www\\Lab2\\app\\Views\\welcome_message.php')
 5 SYSTEMPATH\View\View.php(229): CodeIgniter\View\View->CodeIgniter\View\{closure}()
 6 SYSTEMPATH\Common.php(1188): CodeIgniter\View\View->render('welcome_message', [], true)
 7 APPPATH\Controllers\Home.php(9): view('welcome_message')
 8 SYSTEMPATH\CodeIgniter.php(919): App\Controllers\Home->index()
 9 SYSTEMPATH\CodeIgniter.php(494): CodeIgniter\CodeIgniter->runController(Object(App\Controllers\Home))
10 SYSTEMPATH\CodeIgniter.php(353): CodeIgniter\CodeIgniter->handleRequest(null, Object(Config\Cache), false)
11 FCPATH\index.php(79): CodeIgniter\CodeIgniter->run()
12 SYSTEMPATH\Commands\Server\rewrite.php(47): require_once('C:\\laragon\\www\\Lab2\\public\\index.php')
CRITICAL - 2023-09-24 01:09:42 --> Invalid file: "include/top.php"
in SYSTEMPATH\Exceptions\FrameworkException.php on line 39.
 1 SYSTEMPATH\View\View.php(214): CodeIgniter\Exceptions\FrameworkException::forInvalidFile('include/top.php')
 2 SYSTEMPATH\View\View.php(467): CodeIgniter\View\View->render('include/top', null, true)
 3 APPPATH\Views\welcome_message.php(1): CodeIgniter\View\View->include('include/top')
 4 SYSTEMPATH\View\View.php(226): include('C:\\laragon\\www\\Lab2\\app\\Views\\welcome_message.php')
 5 SYSTEMPATH\View\View.php(229): CodeIgniter\View\View->CodeIgniter\View\{closure}()
 6 SYSTEMPATH\Common.php(1188): CodeIgniter\View\View->render('welcome_message', [], true)
 7 APPPATH\Controllers\Home.php(9): view('welcome_message')
 8 SYSTEMPATH\CodeIgniter.php(919): App\Controllers\Home->index()
 9 SYSTEMPATH\CodeIgniter.php(494): CodeIgniter\CodeIgniter->runController(Object(App\Controllers\Home))
10 SYSTEMPATH\CodeIgniter.php(353): CodeIgniter\CodeIgniter->handleRequest(null, Object(Config\Cache), false)
11 FCPATH\index.php(79): CodeIgniter\CodeIgniter->run()
12 SYSTEMPATH\Commands\Server\rewrite.php(47): require_once('C:\\laragon\\www\\Lab2\\public\\index.php')
CRITICAL - 2023-09-24 01:09:43 --> Invalid file: "include/top.php"
in SYSTEMPATH\Exceptions\FrameworkException.php on line 39.
 1 SYSTEMPATH\View\View.php(214): CodeIgniter\Exceptions\FrameworkException::forInvalidFile('include/top.php')
 2 SYSTEMPATH\View\View.php(467): CodeIgniter\View\View->render('include/top', null, true)
 3 APPPATH\Views\welcome_message.php(1): CodeIgniter\View\View->include('include/top')
 4 SYSTEMPATH\View\View.php(226): include('C:\\laragon\\www\\Lab2\\app\\Views\\welcome_message.php')
 5 SYSTEMPATH\View\View.php(229): CodeIgniter\View\View->CodeIgniter\View\{closure}()
 6 SYSTEMPATH\Common.php(1188): CodeIgniter\View\View->render('welcome_message', [], true)
 7 APPPATH\Controllers\Home.php(9): view('welcome_message')
 8 SYSTEMPATH\CodeIgniter.php(919): App\Controllers\Home->index()
 9 SYSTEMPATH\CodeIgniter.php(494): CodeIgniter\CodeIgniter->runController(Object(App\Controllers\Home))
10 SYSTEMPATH\CodeIgniter.php(353): CodeIgniter\CodeIgniter->handleRequest(null, Object(Config\Cache), false)
11 FCPATH\index.php(79): CodeIgniter\CodeIgniter->run()
12 SYSTEMPATH\Commands\Server\rewrite.php(47): require_once('C:\\laragon\\www\\Lab2\\public\\index.php')
CRITICAL - 2023-09-24 02:42:17 --> Undefined variable $music
in APPPATH\Views\include\search.php on line 23.
 1 APPPATH\Views\include\search.php(23): CodeIgniter\Debug\Exceptions->errorHandler(2, 'Undefined variable $music', 'C:\\laragon\\www\\Lab2\\app\\Views\\include\\search.php', 23)
 2 SYSTEMPATH\View\View.php(226): include('C:\\laragon\\www\\Lab2\\app\\Views\\include\\search.php')
 3 SYSTEMPATH\View\View.php(229): CodeIgniter\View\View->CodeIgniter\View\{closure}()
 4 SYSTEMPATH\View\View.php(467): CodeIgniter\View\View->render('include/search', null, true)
 5 APPPATH\Views\welcome_message.php(3): CodeIgniter\View\View->include('include/search')
 6 SYSTEMPATH\View\View.php(226): include('C:\\laragon\\www\\Lab2\\app\\Views\\welcome_message.php')
 7 SYSTEMPATH\View\View.php(229): CodeIgniter\View\View->CodeIgniter\View\{closure}()
 8 SYSTEMPATH\Common.php(1188): CodeIgniter\View\View->render('welcome_message', [], true)
 9 APPPATH\Controllers\Home.php(9): view('welcome_message')
10 SYSTEMPATH\CodeIgniter.php(919): App\Controllers\Home->index()
11 SYSTEMPATH\CodeIgniter.php(494): CodeIgniter\CodeIgniter->runController(Object(App\Controllers\Home))
12 SYSTEMPATH\CodeIgniter.php(353): CodeIgniter\CodeIgniter->handleRequest(null, Object(Config\Cache), false)
13 FCPATH\index.php(79): CodeIgniter\CodeIgniter->run()
14 SYSTEMPATH\Commands\Server\rewrite.php(47): require_once('C:\\laragon\\www\\Lab2\\public\\index.php')
CRITICAL - 2023-09-24 02:44:22 --> Undefined variable $music
in APPPATH\Views\include\search.php on line 23.
 1 APPPATH\Views\include\search.php(23): CodeIgniter\Debug\Exceptions->errorHandler(2, 'Undefined variable $music', 'C:\\laragon\\www\\Lab2\\app\\Views\\include\\search.php', 23)
 2 SYSTEMPATH\View\View.php(226): include('C:\\laragon\\www\\Lab2\\app\\Views\\include\\search.php')
 3 SYSTEMPATH\View\View.php(229): CodeIgniter\View\View->CodeIgniter\View\{closure}()
 4 SYSTEMPATH\View\View.php(467): CodeIgniter\View\View->render('include/search', null, true)
 5 APPPATH\Views\welcome_message.php(3): CodeIgniter\View\View->include('include/search')
 6 SYSTEMPATH\View\View.php(226): include('C:\\laragon\\www\\Lab2\\app\\Views\\welcome_message.php')
 7 SYSTEMPATH\View\View.php(229): CodeIgniter\View\View->CodeIgniter\View\{closure}()
 8 SYSTEMPATH\Common.php(1188): CodeIgniter\View\View->render('welcome_message', [], true)
 9 APPPATH\Controllers\Home.php(9): view('welcome_message')
10 SYSTEMPATH\CodeIgniter.php(919): App\Controllers\Home->index()
11 SYSTEMPATH\CodeIgniter.php(494): CodeIgniter\CodeIgniter->runController(Object(App\Controllers\Home))
12 SYSTEMPATH\CodeIgniter.php(353): CodeIgniter\CodeIgniter->handleRequest(null, Object(Config\Cache), false)
13 FCPATH\index.php(79): CodeIgniter\CodeIgniter->run()
14 SYSTEMPATH\Commands\Server\rewrite.php(47): require_once('C:\\laragon\\www\\Lab2\\public\\index.php')
CRITICAL - 2023-09-24 02:44:24 --> Undefined variable $music
in APPPATH\Views\include\search.php on line 23.
 1 APPPATH\Views\include\search.php(23): CodeIgniter\Debug\Exceptions->errorHandler(2, 'Undefined variable $music', 'C:\\laragon\\www\\Lab2\\app\\Views\\include\\search.php', 23)
 2 SYSTEMPATH\View\View.php(226): include('C:\\laragon\\www\\Lab2\\app\\Views\\include\\search.php')
 3 SYSTEMPATH\View\View.php(229): CodeIgniter\View\View->CodeIgniter\View\{closure}()
 4 SYSTEMPATH\View\View.php(467): CodeIgniter\View\View->render('include/search', null, true)
 5 APPPATH\Views\welcome_message.php(3): CodeIgniter\View\View->include('include/search')
 6 SYSTEMPATH\View\View.php(226): include('C:\\laragon\\www\\Lab2\\app\\Views\\welcome_message.php')
 7 SYSTEMPATH\View\View.php(229): CodeIgniter\View\View->CodeIgniter\View\{closure}()
 8 SYSTEMPATH\Common.php(1188): CodeIgniter\View\View->render('welcome_message', [], true)
 9 APPPATH\Controllers\Home.php(9): view('welcome_message')
10 SYSTEMPATH\CodeIgniter.php(919): App\Controllers\Home->index()
11 SYSTEMPATH\CodeIgniter.php(494): CodeIgniter\CodeIgniter->runController(Object(App\Controllers\Home))
12 SYSTEMPATH\CodeIgniter.php(353): CodeIgniter\CodeIgniter->handleRequest(null, Object(Config\Cache), false)
13 FCPATH\index.php(79): CodeIgniter\CodeIgniter->run()
14 SYSTEMPATH\Commands\Server\rewrite.php(47): require_once('C:\\laragon\\www\\Lab2\\public\\index.php')
CRITICAL - 2023-09-24 02:48:16 --> Undefined variable $music
in APPPATH\Views\include\search.php on line 23.
 1 APPPATH\Views\include\search.php(23): CodeIgniter\Debug\Exceptions->errorHandler(2, 'Undefined variable $music', 'C:\\laragon\\www\\Lab2\\app\\Views\\include\\search.php', 23)
 2 SYSTEMPATH\View\View.php(226): include('C:\\laragon\\www\\Lab2\\app\\Views\\include\\search.php')
 3 SYSTEMPATH\View\View.php(229): CodeIgniter\View\View->CodeIgniter\View\{closure}()
 4 SYSTEMPATH\View\View.php(467): CodeIgniter\View\View->render('include/search', null, true)
 5 APPPATH\Views\welcome_message.php(3): CodeIgniter\View\View->include('include/search')
 6 SYSTEMPATH\View\View.php(226): include('C:\\laragon\\www\\Lab2\\app\\Views\\welcome_message.php')
 7 SYSTEMPATH\View\View.php(229): CodeIgniter\View\View->CodeIgniter\View\{closure}()
 8 SYSTEMPATH\Common.php(1188): CodeIgniter\View\View->render('welcome_message', [], true)
 9 APPPATH\Controllers\Home.php(9): view('welcome_message')
10 SYSTEMPATH\CodeIgniter.php(919): App\Controllers\Home->index()
11 SYSTEMPATH\CodeIgniter.php(494): CodeIgniter\CodeIgniter->runController(Object(App\Controllers\Home))
12 SYSTEMPATH\CodeIgniter.php(353): CodeIgniter\CodeIgniter->handleRequest(null, Object(Config\Cache), false)
13 FCPATH\index.php(79): CodeIgniter\CodeIgniter->run()
14 SYSTEMPATH\Commands\Server\rewrite.php(47): require_once('C:\\laragon\\www\\Lab2\\public\\index.php')
CRITICAL - 2023-09-24 02:48:17 --> Undefined variable $music
in APPPATH\Views\include\search.php on line 23.
 1 APPPATH\Views\include\search.php(23): CodeIgniter\Debug\Exceptions->errorHandler(2, 'Undefined variable $music', 'C:\\laragon\\www\\Lab2\\app\\Views\\include\\search.php', 23)
 2 SYSTEMPATH\View\View.php(226): include('C:\\laragon\\www\\Lab2\\app\\Views\\include\\search.php')
 3 SYSTEMPATH\View\View.php(229): CodeIgniter\View\View->CodeIgniter\View\{closure}()
 4 SYSTEMPATH\View\View.php(467): CodeIgniter\View\View->render('include/search', null, true)
 5 APPPATH\Views\welcome_message.php(3): CodeIgniter\View\View->include('include/search')
 6 SYSTEMPATH\View\View.php(226): include('C:\\laragon\\www\\Lab2\\app\\Views\\welcome_message.php')
 7 SYSTEMPATH\View\View.php(229): CodeIgniter\View\View->CodeIgniter\View\{closure}()
 8 SYSTEMPATH\Common.php(1188): CodeIgniter\View\View->render('welcome_message', [], true)
 9 APPPATH\Controllers\Home.php(9): view('welcome_message')
10 SYSTEMPATH\CodeIgniter.php(919): App\Controllers\Home->index()
11 SYSTEMPATH\CodeIgniter.php(494): CodeIgniter\CodeIgniter->runController(Object(App\Controllers\Home))
12 SYSTEMPATH\CodeIgniter.php(353): CodeIgniter\CodeIgniter->handleRequest(null, Object(Config\Cache), false)
13 FCPATH\index.php(79): CodeIgniter\CodeIgniter->run()
14 SYSTEMPATH\Commands\Server\rewrite.php(47): require_once('C:\\laragon\\www\\Lab2\\public\\index.php')
CRITICAL - 2023-09-24 02:48:17 --> Undefined variable $music
in APPPATH\Views\include\search.php on line 23.
 1 APPPATH\Views\include\search.php(23): CodeIgniter\Debug\Exceptions->errorHandler(2, 'Undefined variable $music', 'C:\\laragon\\www\\Lab2\\app\\Views\\include\\search.php', 23)
 2 SYSTEMPATH\View\View.php(226): include('C:\\laragon\\www\\Lab2\\app\\Views\\include\\search.php')
 3 SYSTEMPATH\View\View.php(229): CodeIgniter\View\View->CodeIgniter\View\{closure}()
 4 SYSTEMPATH\View\View.php(467): CodeIgniter\View\View->render('include/search', null, true)
 5 APPPATH\Views\welcome_message.php(3): CodeIgniter\View\View->include('include/search')
 6 SYSTEMPATH\View\View.php(226): include('C:\\laragon\\www\\Lab2\\app\\Views\\welcome_message.php')
 7 SYSTEMPATH\View\View.php(229): CodeIgniter\View\View->CodeIgniter\View\{closure}()
 8 SYSTEMPATH\Common.php(1188): CodeIgniter\View\View->render('welcome_message', [], true)
 9 APPPATH\Controllers\Home.php(9): view('welcome_message')
10 SYSTEMPATH\CodeIgniter.php(919): App\Controllers\Home->index()
11 SYSTEMPATH\CodeIgniter.php(494): CodeIgniter\CodeIgniter->runController(Object(App\Controllers\Home))
12 SYSTEMPATH\CodeIgniter.php(353): CodeIgniter\CodeIgniter->handleRequest(null, Object(Config\Cache), false)
13 FCPATH\index.php(79): CodeIgniter\CodeIgniter->run()
14 SYSTEMPATH\Commands\Server\rewrite.php(47): require_once('C:\\laragon\\www\\Lab2\\public\\index.php')
CRITICAL - 2023-09-24 02:48:17 --> Undefined variable $music
in APPPATH\Views\include\search.php on line 23.
 1 APPPATH\Views\include\search.php(23): CodeIgniter\Debug\Exceptions->errorHandler(2, 'Undefined variable $music', 'C:\\laragon\\www\\Lab2\\app\\Views\\include\\search.php', 23)
 2 SYSTEMPATH\View\View.php(226): include('C:\\laragon\\www\\Lab2\\app\\Views\\include\\search.php')
 3 SYSTEMPATH\View\View.php(229): CodeIgniter\View\View->CodeIgniter\View\{closure}()
 4 SYSTEMPATH\View\View.php(467): CodeIgniter\View\View->render('include/search', null, true)
 5 APPPATH\Views\welcome_message.php(3): CodeIgniter\View\View->include('include/search')
 6 SYSTEMPATH\View\View.php(226): include('C:\\laragon\\www\\Lab2\\app\\Views\\welcome_message.php')
 7 SYSTEMPATH\View\View.php(229): CodeIgniter\View\View->CodeIgniter\View\{closure}()
 8 SYSTEMPATH\Common.php(1188): CodeIgniter\View\View->render('welcome_message', [], true)
 9 APPPATH\Controllers\Home.php(9): view('welcome_message')
10 SYSTEMPATH\CodeIgniter.php(919): App\Controllers\Home->index()
11 SYSTEMPATH\CodeIgniter.php(494): CodeIgniter\CodeIgniter->runController(Object(App\Controllers\Home))
12 SYSTEMPATH\CodeIgniter.php(353): CodeIgniter\CodeIgniter->handleRequest(null, Object(Config\Cache), false)
13 FCPATH\index.php(79): CodeIgniter\CodeIgniter->run()
14 SYSTEMPATH\Commands\Server\rewrite.php(47): require_once('C:\\laragon\\www\\Lab2\\public\\index.php')
CRITICAL - 2023-09-24 02:49:13 --> Undefined variable $music
in APPPATH\Views\include\search.php on line 23.
 1 APPPATH\Views\include\search.php(23): CodeIgniter\Debug\Exceptions->errorHandler(2, 'Undefined variable $music', 'C:\\laragon\\www\\Lab2\\app\\Views\\include\\search.php', 23)
 2 SYSTEMPATH\View\View.php(226): include('C:\\laragon\\www\\Lab2\\app\\Views\\include\\search.php')
 3 SYSTEMPATH\View\View.php(229): CodeIgniter\View\View->CodeIgniter\View\{closure}()
 4 SYSTEMPATH\View\View.php(467): CodeIgniter\View\View->render('include/search', null, true)
 5 APPPATH\Views\welcome_message.php(3): CodeIgniter\View\View->include('include/search')
 6 SYSTEMPATH\View\View.php(226): include('C:\\laragon\\www\\Lab2\\app\\Views\\welcome_message.php')
 7 SYSTEMPATH\View\View.php(229): CodeIgniter\View\View->CodeIgniter\View\{closure}()
 8 SYSTEMPATH\Common.php(1188): CodeIgniter\View\View->render('welcome_message', [], true)
 9 APPPATH\Controllers\Home.php(9): view('welcome_message')
10 SYSTEMPATH\CodeIgniter.php(919): App\Controllers\Home->index()
11 SYSTEMPATH\CodeIgniter.php(494): CodeIgniter\CodeIgniter->runController(Object(App\Controllers\Home))
12 SYSTEMPATH\CodeIgniter.php(353): CodeIgniter\CodeIgniter->handleRequest(null, Object(Config\Cache), false)
13 FCPATH\index.php(79): CodeIgniter\CodeIgniter->run()
14 SYSTEMPATH\Commands\Server\rewrite.php(47): require_once('C:\\laragon\\www\\Lab2\\public\\index.php')
CRITICAL - 2023-09-24 02:49:14 --> Undefined variable $music
in APPPATH\Views\include\search.php on line 23.
 1 APPPATH\Views\include\search.php(23): CodeIgniter\Debug\Exceptions->errorHandler(2, 'Undefined variable $music', 'C:\\laragon\\www\\Lab2\\app\\Views\\include\\search.php', 23)
 2 SYSTEMPATH\View\View.php(226): include('C:\\laragon\\www\\Lab2\\app\\Views\\include\\search.php')
 3 SYSTEMPATH\View\View.php(229): CodeIgniter\View\View->CodeIgniter\View\{closure}()
 4 SYSTEMPATH\View\View.php(467): CodeIgniter\View\View->render('include/search', null, true)
 5 APPPATH\Views\welcome_message.php(3): CodeIgniter\View\View->include('include/search')
 6 SYSTEMPATH\View\View.php(226): include('C:\\laragon\\www\\Lab2\\app\\Views\\welcome_message.php')
 7 SYSTEMPATH\View\View.php(229): CodeIgniter\View\View->CodeIgniter\View\{closure}()
 8 SYSTEMPATH\Common.php(1188): CodeIgniter\View\View->render('welcome_message', [], true)
 9 APPPATH\Controllers\Home.php(9): view('welcome_message')
10 SYSTEMPATH\CodeIgniter.php(919): App\Controllers\Home->index()
11 SYSTEMPATH\CodeIgniter.php(494): CodeIgniter\CodeIgniter->runController(Object(App\Controllers\Home))
12 SYSTEMPATH\CodeIgniter.php(353): CodeIgniter\CodeIgniter->handleRequest(null, Object(Config\Cache), false)
13 FCPATH\index.php(79): CodeIgniter\CodeIgniter->run()
14 SYSTEMPATH\Commands\Server\rewrite.php(47): require_once('C:\\laragon\\www\\Lab2\\public\\index.php')
CRITICAL - 2023-09-24 02:50:08 --> Undefined variable $music
in APPPATH\Views\include\search.php on line 23.
 1 APPPATH\Views\include\search.php(23): CodeIgniter\Debug\Exceptions->errorHandler(2, 'Undefined variable $music', 'C:\\laragon\\www\\Lab2\\app\\Views\\include\\search.php', 23)
 2 SYSTEMPATH\View\View.php(226): include('C:\\laragon\\www\\Lab2\\app\\Views\\include\\search.php')
 3 SYSTEMPATH\View\View.php(229): CodeIgniter\View\View->CodeIgniter\View\{closure}()
 4 SYSTEMPATH\View\View.php(467): CodeIgniter\View\View->render('include/search', null, true)
 5 APPPATH\Views\welcome_message.php(3): CodeIgniter\View\View->include('include/search')
 6 SYSTEMPATH\View\View.php(226): include('C:\\laragon\\www\\Lab2\\app\\Views\\welcome_message.php')
 7 SYSTEMPATH\View\View.php(229): CodeIgniter\View\View->CodeIgniter\View\{closure}()
 8 SYSTEMPATH\Common.php(1188): CodeIgniter\View\View->render('welcome_message', [], true)
 9 APPPATH\Controllers\Home.php(9): view('welcome_message')
10 SYSTEMPATH\CodeIgniter.php(919): App\Controllers\Home->index()
11 SYSTEMPATH\CodeIgniter.php(494): CodeIgniter\CodeIgniter->runController(Object(App\Controllers\Home))
12 SYSTEMPATH\CodeIgniter.php(353): CodeIgniter\CodeIgniter->handleRequest(null, Object(Config\Cache), false)
13 FCPATH\index.php(79): CodeIgniter\CodeIgniter->run()
14 SYSTEMPATH\Commands\Server\rewrite.php(47): require_once('C:\\laragon\\www\\Lab2\\public\\index.php')
CRITICAL - 2023-09-24 02:53:06 --> Undefined variable $music
in APPPATH\Views\include\search.php on line 23.
 1 APPPATH\Views\include\search.php(23): CodeIgniter\Debug\Exceptions->errorHandler(2, 'Undefined variable $music', 'C:\\laragon\\www\\Lab2\\app\\Views\\include\\search.php', 23)
 2 SYSTEMPATH\View\View.php(226): include('C:\\laragon\\www\\Lab2\\app\\Views\\include\\search.php')
 3 SYSTEMPATH\View\View.php(229): CodeIgniter\View\View->CodeIgniter\View\{closure}()
 4 SYSTEMPATH\View\View.php(467): CodeIgniter\View\View->render('include/search', null, true)
 5 APPPATH\Views\welcome_message.php(3): CodeIgniter\View\View->include('include/search')
 6 SYSTEMPATH\View\View.php(226): include('C:\\laragon\\www\\Lab2\\app\\Views\\welcome_message.php')
 7 SYSTEMPATH\View\View.php(229): CodeIgniter\View\View->CodeIgniter\View\{closure}()
 8 SYSTEMPATH\Common.php(1188): CodeIgniter\View\View->render('welcome_message', [], true)
 9 APPPATH\Controllers\Home.php(9): view('welcome_message')
10 SYSTEMPATH\CodeIgniter.php(919): App\Controllers\Home->index()
11 SYSTEMPATH\CodeIgniter.php(494): CodeIgniter\CodeIgniter->runController(Object(App\Controllers\Home))
12 SYSTEMPATH\CodeIgniter.php(353): CodeIgniter\CodeIgniter->handleRequest(null, Object(Config\Cache), false)
13 FCPATH\index.php(79): CodeIgniter\CodeIgniter->run()
14 SYSTEMPATH\Commands\Server\rewrite.php(47): require_once('C:\\laragon\\www\\Lab2\\public\\index.php')
CRITICAL - 2023-09-24 02:53:12 --> Undefined variable $music
in APPPATH\Views\include\search.php on line 23.
 1 APPPATH\Views\include\search.php(23): CodeIgniter\Debug\Exceptions->errorHandler(2, 'Undefined variable $music', 'C:\\laragon\\www\\Lab2\\app\\Views\\include\\search.php', 23)
 2 SYSTEMPATH\View\View.php(226): include('C:\\laragon\\www\\Lab2\\app\\Views\\include\\search.php')
 3 SYSTEMPATH\View\View.php(229): CodeIgniter\View\View->CodeIgniter\View\{closure}()
 4 SYSTEMPATH\View\View.php(467): CodeIgniter\View\View->render('include/search', null, true)
 5 APPPATH\Views\welcome_message.php(3): CodeIgniter\View\View->include('include/search')
 6 SYSTEMPATH\View\View.php(226): include('C:\\laragon\\www\\Lab2\\app\\Views\\welcome_message.php')
 7 SYSTEMPATH\View\View.php(229): CodeIgniter\View\View->CodeIgniter\View\{closure}()
 8 SYSTEMPATH\Common.php(1188): CodeIgniter\View\View->render('welcome_message', [], true)
 9 APPPATH\Controllers\Home.php(9): view('welcome_message')
10 SYSTEMPATH\CodeIgniter.php(919): App\Controllers\Home->index()
11 SYSTEMPATH\CodeIgniter.php(494): CodeIgniter\CodeIgniter->runController(Object(App\Controllers\Home))
12 SYSTEMPATH\CodeIgniter.php(353): CodeIgniter\CodeIgniter->handleRequest(null, Object(Config\Cache), false)
13 FCPATH\index.php(79): CodeIgniter\CodeIgniter->run()
14 SYSTEMPATH\Commands\Server\rewrite.php(47): require_once('C:\\laragon\\www\\Lab2\\public\\index.php')
CRITICAL - 2023-09-24 02:53:28 --> Undefined variable $music
in APPPATH\Views\include\search.php on line 23.
 1 APPPATH\Views\include\search.php(23): CodeIgniter\Debug\Exceptions->errorHandler(2, 'Undefined variable $music', 'C:\\laragon\\www\\Lab2\\app\\Views\\include\\search.php', 23)
 2 SYSTEMPATH\View\View.php(226): include('C:\\laragon\\www\\Lab2\\app\\Views\\include\\search.php')
 3 SYSTEMPATH\View\View.php(229): CodeIgniter\View\View->CodeIgniter\View\{closure}()
 4 SYSTEMPATH\View\View.php(467): CodeIgniter\View\View->render('include/search', null, true)
 5 APPPATH\Views\welcome_message.php(3): CodeIgniter\View\View->include('include/search')
 6 SYSTEMPATH\View\View.php(226): include('C:\\laragon\\www\\Lab2\\app\\Views\\welcome_message.php')
 7 SYSTEMPATH\View\View.php(229): CodeIgniter\View\View->CodeIgniter\View\{closure}()
 8 SYSTEMPATH\Common.php(1188): CodeIgniter\View\View->render('welcome_message', [], true)
 9 APPPATH\Controllers\Home.php(9): view('welcome_message')
10 SYSTEMPATH\CodeIgniter.php(919): App\Controllers\Home->index()
11 SYSTEMPATH\CodeIgniter.php(494): CodeIgniter\CodeIgniter->runController(Object(App\Controllers\Home))
12 SYSTEMPATH\CodeIgniter.php(353): CodeIgniter\CodeIgniter->handleRequest(null, Object(Config\Cache), false)
13 FCPATH\index.php(79): CodeIgniter\CodeIgniter->run()
14 SYSTEMPATH\Commands\Server\rewrite.php(47): require_once('C:\\laragon\\www\\Lab2\\public\\index.php')
CRITICAL - 2023-09-24 02:53:41 --> Undefined variable $music
in APPPATH\Views\welcome_message.php on line 12.
 1 APPPATH\Views\welcome_message.php(12): CodeIgniter\Debug\Exceptions->errorHandler(2, 'Undefined variable $music', 'C:\\laragon\\www\\Lab2\\app\\Views\\welcome_message.php', 12)
 2 SYSTEMPATH\View\View.php(226): include('C:\\laragon\\www\\Lab2\\app\\Views\\welcome_message.php')
 3 SYSTEMPATH\View\View.php(229): CodeIgniter\View\View->CodeIgniter\View\{closure}()
 4 SYSTEMPATH\Common.php(1188): CodeIgniter\View\View->render('welcome_message', [], true)
 5 APPPATH\Controllers\Home.php(9): view('welcome_message')
 6 SYSTEMPATH\CodeIgniter.php(919): App\Controllers\Home->index()
 7 SYSTEMPATH\CodeIgniter.php(494): CodeIgniter\CodeIgniter->runController(Object(App\Controllers\Home))
 8 SYSTEMPATH\CodeIgniter.php(353): CodeIgniter\CodeIgniter->handleRequest(null, Object(Config\Cache), false)
 9 FCPATH\index.php(79): CodeIgniter\CodeIgniter->run()
10 SYSTEMPATH\Commands\Server\rewrite.php(47): require_once('C:\\laragon\\www\\Lab2\\public\\index.php')
CRITICAL - 2023-09-24 02:53:43 --> Undefined variable $music
in APPPATH\Views\welcome_message.php on line 12.
 1 APPPATH\Views\welcome_message.php(12): CodeIgniter\Debug\Exceptions->errorHandler(2, 'Undefined variable $music', 'C:\\laragon\\www\\Lab2\\app\\Views\\welcome_message.php', 12)
 2 SYSTEMPATH\View\View.php(226): include('C:\\laragon\\www\\Lab2\\app\\Views\\welcome_message.php')
 3 SYSTEMPATH\View\View.php(229): CodeIgniter\View\View->CodeIgniter\View\{closure}()
 4 SYSTEMPATH\Common.php(1188): CodeIgniter\View\View->render('welcome_message', [], true)
 5 APPPATH\Controllers\Home.php(9): view('welcome_message')
 6 SYSTEMPATH\CodeIgniter.php(919): App\Controllers\Home->index()
 7 SYSTEMPATH\CodeIgniter.php(494): CodeIgniter\CodeIgniter->runController(Object(App\Controllers\Home))
 8 SYSTEMPATH\CodeIgniter.php(353): CodeIgniter\CodeIgniter->handleRequest(null, Object(Config\Cache), false)
 9 FCPATH\index.php(79): CodeIgniter\CodeIgniter->run()
10 SYSTEMPATH\Commands\Server\rewrite.php(47): require_once('C:\\laragon\\www\\Lab2\\public\\index.php')
CRITICAL - 2023-09-24 02:57:39 --> Invalid file: "music.php"
in SYSTEMPATH\Exceptions\FrameworkException.php on line 39.
 1 SYSTEMPATH\View\View.php(214): CodeIgniter\Exceptions\FrameworkException::forInvalidFile('music.php')
 2 SYSTEMPATH\Common.php(1188): CodeIgniter\View\View->render('music', [], true)
 3 APPPATH\Controllers\MusicController.php(24): view('music', [...])
 4 SYSTEMPATH\CodeIgniter.php(919): App\Controllers\MusicController->Logatoc()
 5 SYSTEMPATH\CodeIgniter.php(494): CodeIgniter\CodeIgniter->runController(Object(App\Controllers\MusicController))
 6 SYSTEMPATH\CodeIgniter.php(353): CodeIgniter\CodeIgniter->handleRequest(null, Object(Config\Cache), false)
 7 FCPATH\index.php(79): CodeIgniter\CodeIgniter->run()
 8 SYSTEMPATH\Commands\Server\rewrite.php(47): require_once('C:\\laragon\\www\\Lab2\\public\\index.php')
CRITICAL - 2023-09-24 02:58:29 --> Invalid file: "/.php"
in SYSTEMPATH\Exceptions\FrameworkException.php on line 39.
 1 SYSTEMPATH\View\View.php(214): CodeIgniter\Exceptions\FrameworkException::forInvalidFile('/.php')
 2 SYSTEMPATH\Common.php(1188): CodeIgniter\View\View->render('/', [], true)
 3 APPPATH\Controllers\MusicController.php(24): view('/', [...])
 4 SYSTEMPATH\CodeIgniter.php(919): App\Controllers\MusicController->Logatoc()
 5 SYSTEMPATH\CodeIgniter.php(494): CodeIgniter\CodeIgniter->runController(Object(App\Controllers\MusicController))
 6 SYSTEMPATH\CodeIgniter.php(353): CodeIgniter\CodeIgniter->handleRequest(null, Object(Config\Cache), false)
 7 FCPATH\index.php(79): CodeIgniter\CodeIgniter->run()
 8 SYSTEMPATH\Commands\Server\rewrite.php(47): require_once('C:\\laragon\\www\\Lab2\\public\\index.php')
CRITICAL - 2023-09-24 02:58:31 --> Invalid file: "/.php"
in SYSTEMPATH\Exceptions\FrameworkException.php on line 39.
 1 SYSTEMPATH\View\View.php(214): CodeIgniter\Exceptions\FrameworkException::forInvalidFile('/.php')
 2 SYSTEMPATH\Common.php(1188): CodeIgniter\View\View->render('/', [], true)
 3 APPPATH\Controllers\MusicController.php(24): view('/', [...])
 4 SYSTEMPATH\CodeIgniter.php(919): App\Controllers\MusicController->Logatoc()
 5 SYSTEMPATH\CodeIgniter.php(494): CodeIgniter\CodeIgniter->runController(Object(App\Controllers\MusicController))
 6 SYSTEMPATH\CodeIgniter.php(353): CodeIgniter\CodeIgniter->handleRequest(null, Object(Config\Cache), false)
 7 FCPATH\index.php(79): CodeIgniter\CodeIgniter->run()
 8 SYSTEMPATH\Commands\Server\rewrite.php(47): require_once('C:\\laragon\\www\\Lab2\\public\\index.php')
